2019-09-03 15:49:27,311 [11] ERROR EPiServer.Global: Unhandled exception in ASP.NET
System.Web.HttpException (0x80004005): The file '/link/43F936C99B234EA397B261C538AD07C9.aspx' does not exist.
   at System.Web.UI.Util.CheckVirtualFileExists(VirtualPath virtualPath)
   at System.Web.Compilation.BuildManager.GetVPathBuildResultInternal(VirtualPath virtualPath, Boolean noBuild, Boolean allowCrossApp, Boolean allowBuildInPrecompile, Boolean throwIfNotFound, Boolean ensureIsUpToDate)
   at System.Web.Compilation.BuildManager.GetVPathBuildResultWithNoAssert(HttpContext context, VirtualPath virtualPath, Boolean noBuild, Boolean allowCrossApp, Boolean allowBuildInPrecompile, Boolean throwIfNotFound, Boolean ensureIsUpToDate)
   at System.Web.Compilation.BuildManager.GetVirtualPathObjectFactory(VirtualPath virtualPath, HttpContext context, Boolean allowCrossApp, Boolean throwIfNotFound)
   at System.Web.Compilation.BuildManager.CreateInstanceFromVirtualPath(VirtualPath virtualPath, Type requiredBaseType, HttpContext context, Boolean allowCrossApp)
   at System.Web.Routing.PageRouteHandler.GetHttpHandler(RequestContext requestContext)
   at EPiServer.Web.Routing.Internal.MultiplexingRouteHandler.GetHttpHandler(RequestContext requestContext)
   at System.Web.Routing.UrlRoutingModule.PostResolveRequestCache(HttpContextBase context)
   at System.Web.Routing.UrlRoutingModule.OnApplicationPostResolveRequestCache(Object sender, EventArgs e)
   at System.Web.HttpApplication.SyncEventExecutionStep.System.Web.HttpApplication.IExecutionStep.Execute()
   at System.Web.HttpApplication.ExecuteStepImpl(IExecutionStep step)
   at System.Web.HttpApplication.ExecuteStep(IExecutionStep step, Boolean& completedSynchronously)
System.Web.HttpException (0x80004005): The file '/link/43F936C99B234EA397B261C538AD07C9.aspx' does not exist.
   at System.Web.UI.Util.CheckVirtualFileExists(VirtualPath virtualPath)
   at System.Web.Compilation.BuildManager.GetVPathBuildResultInternal(VirtualPath virtualPath, Boolean noBuild, Boolean allowCrossApp, Boolean allowBuildInPrecompile, Boolean throwIfNotFound, Boolean ensureIsUpToDate)
   at System.Web.Compilation.BuildManager.GetVPathBuildResultWithNoAssert(HttpContext context, VirtualPath virtualPath, Boolean noBuild, Boolean allowCrossApp, Boolean allowBuildInPrecompile, Boolean throwIfNotFound, Boolean ensureIsUpToDate)
   at System.Web.Compilation.BuildManager.GetVirtualPathObjectFactory(VirtualPath virtualPath, HttpContext context, Boolean allowCrossApp, Boolean throwIfNotFound)
   at System.Web.Compilation.BuildManager.CreateInstanceFromVirtualPath(VirtualPath virtualPath, Type requiredBaseType, HttpContext context, Boolean allowCrossApp)
   at System.Web.Routing.PageRouteHandler.GetHttpHandler(RequestContext requestContext)
   at EPiServer.Web.Routing.Internal.MultiplexingRouteHandler.GetHttpHandler(RequestContext requestContext)
   at System.Web.Routing.UrlRoutingModule.PostResolveRequestCache(HttpContextBase context)
   at System.Web.Routing.UrlRoutingModule.OnApplicationPostResolveRequestCache(Object sender, EventArgs e)
   at System.Web.HttpApplication.SyncEventExecutionStep.System.Web.HttpApplication.IExecutionStep.Execute()
   at System.Web.HttpApplication.ExecuteStepImpl(IExecutionStep step)
   at System.Web.HttpApplication.ExecuteStep(IExecutionStep step, Boolean& completedSynchronously)
2019-09-03 15:58:57,388 [11] ERROR EPiServer.Global: Unhandled exception in ASP.NET
System.Web.HttpException (0x80004005): The file '/link/43F936C99B234EA397B261C538AD07C9.aspx' does not exist.
   at System.Web.UI.Util.CheckVirtualFileExists(VirtualPath virtualPath)
   at System.Web.Compilation.BuildManager.GetVPathBuildResultInternal(VirtualPath virtualPath, Boolean noBuild, Boolean allowCrossApp, Boolean allowBuildInPrecompile, Boolean throwIfNotFound, Boolean ensureIsUpToDate)
   at System.Web.Compilation.BuildManager.GetVPathBuildResultWithNoAssert(HttpContext context, VirtualPath virtualPath, Boolean noBuild, Boolean allowCrossApp, Boolean allowBuildInPrecompile, Boolean throwIfNotFound, Boolean ensureIsUpToDate)
   at System.Web.Compilation.BuildManager.GetVirtualPathObjectFactory(VirtualPath virtualPath, HttpContext context, Boolean allowCrossApp, Boolean throwIfNotFound)
   at System.Web.Compilation.BuildManager.CreateInstanceFromVirtualPath(VirtualPath virtualPath, Type requiredBaseType, HttpContext context, Boolean allowCrossApp)
   at System.Web.Routing.PageRouteHandler.GetHttpHandler(RequestContext requestContext)
   at EPiServer.Web.Routing.Internal.MultiplexingRouteHandler.GetHttpHandler(RequestContext requestContext)
   at System.Web.Routing.UrlRoutingModule.PostResolveRequestCache(HttpContextBase context)
   at System.Web.Routing.UrlRoutingModule.OnApplicationPostResolveRequestCache(Object sender, EventArgs e)
   at System.Web.HttpApplication.SyncEventExecutionStep.System.Web.HttpApplication.IExecutionStep.Execute()
   at System.Web.HttpApplication.ExecuteStepImpl(IExecutionStep step)
   at System.Web.HttpApplication.ExecuteStep(IExecutionStep step, Boolean& completedSynchronously)
System.Web.HttpException (0x80004005): The file '/link/43F936C99B234EA397B261C538AD07C9.aspx' does not exist.
   at System.Web.UI.Util.CheckVirtualFileExists(VirtualPath virtualPath)
   at System.Web.Compilation.BuildManager.GetVPathBuildResultInternal(VirtualPath virtualPath, Boolean noBuild, Boolean allowCrossApp, Boolean allowBuildInPrecompile, Boolean throwIfNotFound, Boolean ensureIsUpToDate)
   at System.Web.Compilation.BuildManager.GetVPathBuildResultWithNoAssert(HttpContext context, VirtualPath virtualPath, Boolean noBuild, Boolean allowCrossApp, Boolean allowBuildInPrecompile, Boolean throwIfNotFound, Boolean ensureIsUpToDate)
   at System.Web.Compilation.BuildManager.GetVirtualPathObjectFactory(VirtualPath virtualPath, HttpContext context, Boolean allowCrossApp, Boolean throwIfNotFound)
   at System.Web.Compilation.BuildManager.CreateInstanceFromVirtualPath(VirtualPath virtualPath, Type requiredBaseType, HttpContext context, Boolean allowCrossApp)
   at System.Web.Routing.PageRouteHandler.GetHttpHandler(RequestContext requestContext)
   at EPiServer.Web.Routing.Internal.MultiplexingRouteHandler.GetHttpHandler(RequestContext requestContext)
   at System.Web.Routing.UrlRoutingModule.PostResolveRequestCache(HttpContextBase context)
   at System.Web.Routing.UrlRoutingModule.OnApplicationPostResolveRequestCache(Object sender, EventArgs e)
   at System.Web.HttpApplication.SyncEventExecutionStep.System.Web.HttpApplication.IExecutionStep.Execute()
   at System.Web.HttpApplication.ExecuteStepImpl(IExecutionStep step)
   at System.Web.HttpApplication.ExecuteStep(IExecutionStep step, Boolean& completedSynchronously)
2019-09-03 15:59:28,403 [11] ERROR EPiServer.Global: Unhandled exception in ASP.NET
System.Web.HttpException (0x80004005): The file '/link/43F936C99B234EA397B261C538AD07C9.aspx' does not exist.
   at System.Web.UI.Util.CheckVirtualFileExists(VirtualPath virtualPath)
   at System.Web.Compilation.BuildManager.GetVPathBuildResultInternal(VirtualPath virtualPath, Boolean noBuild, Boolean allowCrossApp, Boolean allowBuildInPrecompile, Boolean throwIfNotFound, Boolean ensureIsUpToDate)
   at System.Web.Compilation.BuildManager.GetVPathBuildResultWithNoAssert(HttpContext context, VirtualPath virtualPath, Boolean noBuild, Boolean allowCrossApp, Boolean allowBuildInPrecompile, Boolean throwIfNotFound, Boolean ensureIsUpToDate)
   at System.Web.Compilation.BuildManager.GetVirtualPathObjectFactory(VirtualPath virtualPath, HttpContext context, Boolean allowCrossApp, Boolean throwIfNotFound)
   at System.Web.Compilation.BuildManager.CreateInstanceFromVirtualPath(VirtualPath virtualPath, Type requiredBaseType, HttpContext context, Boolean allowCrossApp)
   at System.Web.Routing.PageRouteHandler.GetHttpHandler(RequestContext requestContext)
   at EPiServer.Web.Routing.Internal.MultiplexingRouteHandler.GetHttpHandler(RequestContext requestContext)
   at System.Web.Routing.UrlRoutingModule.PostResolveRequestCache(HttpContextBase context)
   at System.Web.Routing.UrlRoutingModule.OnApplicationPostResolveRequestCache(Object sender, EventArgs e)
   at System.Web.HttpApplication.SyncEventExecutionStep.System.Web.HttpApplication.IExecutionStep.Execute()
   at System.Web.HttpApplication.ExecuteStepImpl(IExecutionStep step)
   at System.Web.HttpApplication.ExecuteStep(IExecutionStep step, Boolean& completedSynchronously)
System.Web.HttpException (0x80004005): The file '/link/43F936C99B234EA397B261C538AD07C9.aspx' does not exist.
   at System.Web.UI.Util.CheckVirtualFileExists(VirtualPath virtualPath)
   at System.Web.Compilation.BuildManager.GetVPathBuildResultInternal(VirtualPath virtualPath, Boolean noBuild, Boolean allowCrossApp, Boolean allowBuildInPrecompile, Boolean throwIfNotFound, Boolean ensureIsUpToDate)
   at System.Web.Compilation.BuildManager.GetVPathBuildResultWithNoAssert(HttpContext context, VirtualPath virtualPath, Boolean noBuild, Boolean allowCrossApp, Boolean allowBuildInPrecompile, Boolean throwIfNotFound, Boolean ensureIsUpToDate)
   at System.Web.Compilation.BuildManager.GetVirtualPathObjectFactory(VirtualPath virtualPath, HttpContext context, Boolean allowCrossApp, Boolean throwIfNotFound)
   at System.Web.Compilation.BuildManager.CreateInstanceFromVirtualPath(VirtualPath virtualPath, Type requiredBaseType, HttpContext context, Boolean allowCrossApp)
   at System.Web.Routing.PageRouteHandler.GetHttpHandler(RequestContext requestContext)
   at EPiServer.Web.Routing.Internal.MultiplexingRouteHandler.GetHttpHandler(RequestContext requestContext)
   at System.Web.Routing.UrlRoutingModule.PostResolveRequestCache(HttpContextBase context)
   at System.Web.Routing.UrlRoutingModule.OnApplicationPostResolveRequestCache(Object sender, EventArgs e)
   at System.Web.HttpApplication.SyncEventExecutionStep.System.Web.HttpApplication.IExecutionStep.Execute()
   at System.Web.HttpApplication.ExecuteStepImpl(IExecutionStep step)
   at System.Web.HttpApplication.ExecuteStep(IExecutionStep step, Boolean& completedSynchronously)
2019-09-03 15:59:51,767 [9] ERROR EPiServer.Global: Unhandled exception in ASP.NET
System.Web.HttpException (0x80004005): The file '/link/43F936C99B234EA397B261C538AD07C9.aspx' does not exist.
   at System.Web.UI.Util.CheckVirtualFileExists(VirtualPath virtualPath)
   at System.Web.Compilation.BuildManager.GetVPathBuildResultInternal(VirtualPath virtualPath, Boolean noBuild, Boolean allowCrossApp, Boolean allowBuildInPrecompile, Boolean throwIfNotFound, Boolean ensureIsUpToDate)
   at System.Web.Compilation.BuildManager.GetVPathBuildResultWithNoAssert(HttpContext context, VirtualPath virtualPath, Boolean noBuild, Boolean allowCrossApp, Boolean allowBuildInPrecompile, Boolean throwIfNotFound, Boolean ensureIsUpToDate)
   at System.Web.Compilation.BuildManager.GetVirtualPathObjectFactory(VirtualPath virtualPath, HttpContext context, Boolean allowCrossApp, Boolean throwIfNotFound)
   at System.Web.Compilation.BuildManager.CreateInstanceFromVirtualPath(VirtualPath virtualPath, Type requiredBaseType, HttpContext context, Boolean allowCrossApp)
   at System.Web.Routing.PageRouteHandler.GetHttpHandler(RequestContext requestContext)
   at EPiServer.Web.Routing.Internal.MultiplexingRouteHandler.GetHttpHandler(RequestContext requestContext)
   at System.Web.Routing.UrlRoutingModule.PostResolveRequestCache(HttpContextBase context)
   at System.Web.Routing.UrlRoutingModule.OnApplicationPostResolveRequestCache(Object sender, EventArgs e)
   at System.Web.HttpApplication.SyncEventExecutionStep.System.Web.HttpApplication.IExecutionStep.Execute()
   at System.Web.HttpApplication.ExecuteStepImpl(IExecutionStep step)
   at System.Web.HttpApplication.ExecuteStep(IExecutionStep step, Boolean& completedSynchronously)
System.Web.HttpException (0x80004005): The file '/link/43F936C99B234EA397B261C538AD07C9.aspx' does not exist.
   at System.Web.UI.Util.CheckVirtualFileExists(VirtualPath virtualPath)
   at System.Web.Compilation.BuildManager.GetVPathBuildResultInternal(VirtualPath virtualPath, Boolean noBuild, Boolean allowCrossApp, Boolean allowBuildInPrecompile, Boolean throwIfNotFound, Boolean ensureIsUpToDate)
   at System.Web.Compilation.BuildManager.GetVPathBuildResultWithNoAssert(HttpContext context, VirtualPath virtualPath, Boolean noBuild, Boolean allowCrossApp, Boolean allowBuildInPrecompile, Boolean throwIfNotFound, Boolean ensureIsUpToDate)
   at System.Web.Compilation.BuildManager.GetVirtualPathObjectFactory(VirtualPath virtualPath, HttpContext context, Boolean allowCrossApp, Boolean throwIfNotFound)
   at System.Web.Compilation.BuildManager.CreateInstanceFromVirtualPath(VirtualPath virtualPath, Type requiredBaseType, HttpContext context, Boolean allowCrossApp)
   at System.Web.Routing.PageRouteHandler.GetHttpHandler(RequestContext requestContext)
   at EPiServer.Web.Routing.Internal.MultiplexingRouteHandler.GetHttpHandler(RequestContext requestContext)
   at System.Web.Routing.UrlRoutingModule.PostResolveRequestCache(HttpContextBase context)
   at System.Web.Routing.UrlRoutingModule.OnApplicationPostResolveRequestCache(Object sender, EventArgs e)
   at System.Web.HttpApplication.SyncEventExecutionStep.System.Web.HttpApplication.IExecutionStep.Execute()
   at System.Web.HttpApplication.ExecuteStepImpl(IExecutionStep step)
   at System.Web.HttpApplication.ExecuteStep(IExecutionStep step, Boolean& completedSynchronously)
2019-09-03 16:11:30,265 [9] ERROR EPiServer.Global: Unhandled exception in ASP.NET
System.Web.HttpException (0x80004005): The file '/link/43F936C99B234EA397B261C538AD07C9.aspx' does not exist.
   at System.Web.UI.Util.CheckVirtualFileExists(VirtualPath virtualPath)
   at System.Web.Compilation.BuildManager.GetVPathBuildResultInternal(VirtualPath virtualPath, Boolean noBuild, Boolean allowCrossApp, Boolean allowBuildInPrecompile, Boolean throwIfNotFound, Boolean ensureIsUpToDate)
   at System.Web.Compilation.BuildManager.GetVPathBuildResultWithNoAssert(HttpContext context, VirtualPath virtualPath, Boolean noBuild, Boolean allowCrossApp, Boolean allowBuildInPrecompile, Boolean throwIfNotFound, Boolean ensureIsUpToDate)
   at System.Web.Compilation.BuildManager.GetVirtualPathObjectFactory(VirtualPath virtualPath, HttpContext context, Boolean allowCrossApp, Boolean throwIfNotFound)
   at System.Web.Compilation.BuildManager.CreateInstanceFromVirtualPath(VirtualPath virtualPath, Type requiredBaseType, HttpContext context, Boolean allowCrossApp)
   at System.Web.Routing.PageRouteHandler.GetHttpHandler(RequestContext requestContext)
   at EPiServer.Web.Routing.Internal.MultiplexingRouteHandler.GetHttpHandler(RequestContext requestContext)
   at System.Web.Routing.UrlRoutingModule.PostResolveRequestCache(HttpContextBase context)
   at System.Web.Routing.UrlRoutingModule.OnApplicationPostResolveRequestCache(Object sender, EventArgs e)
   at System.Web.HttpApplication.SyncEventExecutionStep.System.Web.HttpApplication.IExecutionStep.Execute()
   at System.Web.HttpApplication.ExecuteStepImpl(IExecutionStep step)
   at System.Web.HttpApplication.ExecuteStep(IExecutionStep step, Boolean& completedSynchronously)
System.Web.HttpException (0x80004005): The file '/link/43F936C99B234EA397B261C538AD07C9.aspx' does not exist.
   at System.Web.UI.Util.CheckVirtualFileExists(VirtualPath virtualPath)
   at System.Web.Compilation.BuildManager.GetVPathBuildResultInternal(VirtualPath virtualPath, Boolean noBuild, Boolean allowCrossApp, Boolean allowBuildInPrecompile, Boolean throwIfNotFound, Boolean ensureIsUpToDate)
   at System.Web.Compilation.BuildManager.GetVPathBuildResultWithNoAssert(HttpContext context, VirtualPath virtualPath, Boolean noBuild, Boolean allowCrossApp, Boolean allowBuildInPrecompile, Boolean throwIfNotFound, Boolean ensureIsUpToDate)
   at System.Web.Compilation.BuildManager.GetVirtualPathObjectFactory(VirtualPath virtualPath, HttpContext context, Boolean allowCrossApp, Boolean throwIfNotFound)
   at System.Web.Compilation.BuildManager.CreateInstanceFromVirtualPath(VirtualPath virtualPath, Type requiredBaseType, HttpContext context, Boolean allowCrossApp)
   at System.Web.Routing.PageRouteHandler.GetHttpHandler(RequestContext requestContext)
   at EPiServer.Web.Routing.Internal.MultiplexingRouteHandler.GetHttpHandler(RequestContext requestContext)
   at System.Web.Routing.UrlRoutingModule.PostResolveRequestCache(HttpContextBase context)
   at System.Web.Routing.UrlRoutingModule.OnApplicationPostResolveRequestCache(Object sender, EventArgs e)
   at System.Web.HttpApplication.SyncEventExecutionStep.System.Web.HttpApplication.IExecutionStep.Execute()
   at System.Web.HttpApplication.ExecuteStepImpl(IExecutionStep step)
   at System.Web.HttpApplication.ExecuteStep(IExecutionStep step, Boolean& completedSynchronously)
